<?xml version="1.0"?>
<!DOCTYPE coverage SYSTEM "http://cobertura.sourceforge.net/xml/coverage-04.dtd">

<coverage line-rate="0.38125" branch-rate="0.45622119815668205" lines-covered="305" lines-valid="800" branches-covered="99" branches-valid="217" complexity="2.3518518518518516" version="2.0.3" timestamp="1627658699719">
	<sources>
		<source>--source</source>
		<source>C:/Users/saiye/Documents/NetBeansProjects/bankmanagementsystem/src/main/java</source>
	</sources>
	<packages>
		<package name="com.mycompany.vo" line-rate="0.38125" branch-rate="0.45622119815668205" complexity="2.3518518518518516">
			<classes>
				<class name="com.mycompany.vo.Accounts" filename="com/mycompany/vo/Accounts.java" line-rate="0.9473684210526315" branch-rate="0.75" complexity="1.4615384615384615">
					<methods>
						<method name="&lt;init&gt;" signature="()V" line-rate="1.0" branch-rate="1.0">
							<lines>
								<line number="24" hits="74" branch="false"/>
								<line number="25" hits="74" branch="false"/>
							</lines>
						</method>
						<method name="&lt;init&gt;" signature="(IIID)V" line-rate="1.0" branch-rate="1.0">
							<lines>
								<line number="27" hits="63" branch="false"/>
								<line number="28" hits="63" branch="false"/>
								<line number="29" hits="63" branch="false"/>
								<line number="30" hits="63" branch="false"/>
								<line number="31" hits="63" branch="false"/>
								<line number="32" hits="63" branch="false"/>
							</lines>
						</method>
						<method name="aBranch" signature="()Lcom/mycompany/vo/Accounts;" line-rate="0.8181818181818182" branch-rate="1.0">
							<lines>
								<line number="67" hits="7" branch="false"/>
								<line number="70" hits="7" branch="false"/>
								<line number="71" hits="7" branch="false"/>
								<line number="72" hits="7" branch="false"/>
								<line number="73" hits="7" branch="false"/>
								<line number="74" hits="7" branch="false"/>
								<line number="75" hits="7" branch="false"/>
								<line number="76" hits="0" branch="false"/>
								<line number="77" hits="0" branch="false"/>
								<line number="78" hits="7" branch="false"/>
								<line number="79" hits="7" branch="false"/>
							</lines>
						</method>
						<method name="getAccount_balance" signature="()D" line-rate="1.0" branch-rate="1.0">
							<lines>
								<line number="59" hits="11" branch="false"/>
							</lines>
						</method>
						<method name="getAccount_number" signature="()I" line-rate="1.0" branch-rate="1.0">
							<lines>
								<line number="43" hits="18" branch="false"/>
							</lines>
						</method>
						<method name="getC_id" signature="()I" line-rate="1.0" branch-rate="1.0">
							<lines>
								<line number="35" hits="22" branch="false"/>
							</lines>
						</method>
						<method name="getRouting_number" signature="()I" line-rate="1.0" branch-rate="1.0">
							<lines>
								<line number="51" hits="13" branch="false"/>
							</lines>
						</method>
						<method name="setAccount_balance" signature="(D)V" line-rate="1.0" branch-rate="1.0">
							<lines>
								<line number="63" hits="1" branch="false"/>
								<line number="64" hits="1" branch="false"/>
							</lines>
						</method>
						<method name="setAccount_number" signature="(I)V" line-rate="1.0" branch-rate="1.0">
							<lines>
								<line number="47" hits="1" branch="false"/>
								<line number="48" hits="1" branch="false"/>
							</lines>
						</method>
						<method name="setC_id" signature="(I)V" line-rate="1.0" branch-rate="1.0">
							<lines>
								<line number="39" hits="1" branch="false"/>
								<line number="40" hits="1" branch="false"/>
							</lines>
						</method>
						<method name="setRouting_number" signature="(I)V" line-rate="1.0" branch-rate="1.0">
							<lines>
								<line number="55" hits="1" branch="false"/>
								<line number="56" hits="1" branch="false"/>
							</lines>
						</method>
						<method name="toString" signature="()Ljava/lang/String;" line-rate="1.0" branch-rate="1.0">
							<lines>
								<line number="21" hits="26" branch="false"/>
							</lines>
						</method>
						<method name="validate" signature="(IIID)Z" line-rate="1.0" branch-rate="0.75">
							<lines>
								<line number="83" hits="7" branch="false"/>
								<line number="84" hits="7" branch="false"/>
								<line number="86" hits="7" branch="true" condition-coverage="100% (4/4)">
									<conditions>
										<condition number="0" type="jump" coverage="100%"/>
										<condition number="1" type="jump" coverage="100%"/>
									</conditions>
								</line>
								<line number="87" hits="2" branch="true" condition-coverage="50% (2/4)">
									<conditions>
										<condition number="0" type="jump" coverage="50%"/>
										<condition number="1" type="jump" coverage="50%"/>
									</conditions>
								</line>
								<line number="88" hits="2" branch="false"/>
								<line number="90" hits="5" branch="false"/>
							</lines>
						</method>
					</methods>
					<lines>
						<line number="21" hits="26" branch="false"/>
						<line number="24" hits="74" branch="false"/>
						<line number="25" hits="74" branch="false"/>
						<line number="27" hits="63" branch="false"/>
						<line number="28" hits="63" branch="false"/>
						<line number="29" hits="63" branch="false"/>
						<line number="30" hits="63" branch="false"/>
						<line number="31" hits="63" branch="false"/>
						<line number="32" hits="63" branch="false"/>
						<line number="35" hits="22" branch="false"/>
						<line number="39" hits="1" branch="false"/>
						<line number="40" hits="1" branch="false"/>
						<line number="43" hits="18" branch="false"/>
						<line number="47" hits="1" branch="false"/>
						<line number="48" hits="1" branch="false"/>
						<line number="51" hits="13" branch="false"/>
						<line number="55" hits="1" branch="false"/>
						<line number="56" hits="1" branch="false"/>
						<line number="59" hits="11" branch="false"/>
						<line number="63" hits="1" branch="false"/>
						<line number="64" hits="1" branch="false"/>
						<line number="67" hits="7" branch="false"/>
						<line number="70" hits="7" branch="false"/>
						<line number="71" hits="7" branch="false"/>
						<line number="72" hits="7" branch="false"/>
						<line number="73" hits="7" branch="false"/>
						<line number="74" hits="7" branch="false"/>
						<line number="75" hits="7" branch="false"/>
						<line number="76" hits="0" branch="false"/>
						<line number="77" hits="0" branch="false"/>
						<line number="78" hits="7" branch="false"/>
						<line number="79" hits="7" branch="false"/>
						<line number="83" hits="7" branch="false"/>
						<line number="84" hits="7" branch="false"/>
						<line number="86" hits="7" branch="true" condition-coverage="100% (4/4)">
							<conditions>
								<condition number="0" type="jump" coverage="100%"/>
								<condition number="1" type="jump" coverage="100%"/>
							</conditions>
						</line>
						<line number="87" hits="2" branch="true" condition-coverage="50% (2/4)">
							<conditions>
								<condition number="0" type="jump" coverage="50%"/>
								<condition number="1" type="jump" coverage="50%"/>
							</conditions>
						</line>
						<line number="88" hits="2" branch="false"/>
						<line number="90" hits="5" branch="false"/>
					</lines>
				</class>
				<class name="com.mycompany.vo.BMSMaster" filename="com/mycompany/vo/BMSMaster.java" line-rate="0.0" branch-rate="0.0" complexity="10.375">
					<methods>
						<method name="&lt;init&gt;" signature="()V" line-rate="0.0" branch-rate="1.0">
							<lines>
								<line number="16" hits="0" branch="false"/>
							</lines>
						</method>
						<method name="main" signature="([Ljava/lang/String;)V" line-rate="0.0" branch-rate="0.0">
							<lines>
								<line number="19" hits="0" branch="false"/>
								<line number="20" hits="0" branch="false"/>
								<line number="21" hits="0" branch="false"/>
								<line number="22" hits="0" branch="false"/>
								<line number="23" hits="0" branch="false"/>
								<line number="24" hits="0" branch="false"/>
								<line number="25" hits="0" branch="false"/>
								<line number="28" hits="0" branch="false"/>
								<line number="29" hits="0" branch="false"/>
								<line number="30" hits="0" branch="false"/>
								<line number="32" hits="0" branch="true" condition-coverage="0% (0/6)">
									<conditions>
										<condition number="0" type="switch" coverage="0%"/>
									</conditions>
								</line>
								<line number="34" hits="0" branch="false"/>
								<line number="35" hits="0" branch="false"/>
								<line number="36" hits="0" branch="false"/>
								<line number="37" hits="0" branch="false"/>
								<line number="39" hits="0" branch="true" condition-coverage="0% (0/4)">
									<conditions>
										<condition number="0" type="switch" coverage="0%"/>
									</conditions>
								</line>
								<line number="41" hits="0" branch="false"/>
								<line number="42" hits="0" branch="false"/>
								<line number="43" hits="0" branch="false"/>
								<line number="44" hits="0" branch="false"/>
								<line number="46" hits="0" branch="true" condition-coverage="0% (0/5)">
									<conditions>
										<condition number="0" type="switch" coverage="0%"/>
									</conditions>
								</line>
								<line number="48" hits="0" branch="false"/>
								<line number="49" hits="0" branch="false"/>
								<line number="50" hits="0" branch="false"/>
								<line number="51" hits="0" branch="false"/>
								<line number="53" hits="0" branch="false"/>
								<line number="54" hits="0" branch="true" condition-coverage="0% (0/2)">
									<conditions>
										<condition number="0" type="jump" coverage="0%"/>
									</conditions>
								</line>
								<line number="55" hits="0" branch="false"/>
								<line number="56" hits="0" branch="false"/>
								<line number="58" hits="0" branch="false"/>
								<line number="59" hits="0" branch="false"/>
								<line number="60" hits="0" branch="false"/>
								<line number="61" hits="0" branch="false"/>
								<line number="62" hits="0" branch="false"/>
								<line number="63" hits="0" branch="false"/>
								<line number="66" hits="0" branch="false"/>
								<line number="67" hits="0" branch="true" condition-coverage="0% (0/2)">
									<conditions>
										<condition number="0" type="jump" coverage="0%"/>
									</conditions>
								</line>
								<line number="68" hits="0" branch="false"/>
								<line number="69" hits="0" branch="false"/>
								<line number="71" hits="0" branch="false"/>
								<line number="72" hits="0" branch="false"/>
								<line number="75" hits="0" branch="false"/>
								<line number="76" hits="0" branch="false"/>
								<line number="77" hits="0" branch="false"/>
								<line number="78" hits="0" branch="false"/>
								<line number="81" hits="0" branch="false"/>
								<line number="84" hits="0" branch="false"/>
								<line number="85" hits="0" branch="false"/>
								<line number="86" hits="0" branch="false"/>
								<line number="87" hits="0" branch="false"/>
								<line number="88" hits="0" branch="true" condition-coverage="0% (0/4)">
									<conditions>
										<condition number="0" type="switch" coverage="0%"/>
									</conditions>
								</line>
								<line number="90" hits="0" branch="false"/>
								<line number="91" hits="0" branch="false"/>
								<line number="93" hits="0" branch="false"/>
								<line number="94" hits="0" branch="false"/>
								<line number="96" hits="0" branch="false"/>
								<line number="97" hits="0" branch="false"/>
								<line number="98" hits="0" branch="false"/>
								<line number="99" hits="0" branch="false"/>
								<line number="102" hits="0" branch="false"/>
								<line number="104" hits="0" branch="false"/>
								<line number="105" hits="0" branch="false"/>
								<line number="106" hits="0" branch="false"/>
								<line number="107" hits="0" branch="false"/>
								<line number="110" hits="0" branch="false"/>
								<line number="113" hits="0" branch="false"/>
								<line number="114" hits="0" branch="false"/>
								<line number="115" hits="0" branch="false"/>
								<line number="116" hits="0" branch="false"/>
								<line number="117" hits="0" branch="true" condition-coverage="0% (0/4)">
									<conditions>
										<condition number="0" type="switch" coverage="0%"/>
									</conditions>
								</line>
								<line number="119" hits="0" branch="false"/>
								<line number="120" hits="0" branch="false"/>
								<line number="121" hits="0" branch="false"/>
								<line number="122" hits="0" branch="false"/>
								<line number="123" hits="0" branch="true" condition-coverage="0% (0/5)">
									<conditions>
										<condition number="0" type="switch" coverage="0%"/>
									</conditions>
								</line>
								<line number="125" hits="0" branch="false"/>
								<line number="126" hits="0" branch="false"/>
								<line number="127" hits="0" branch="false"/>
								<line number="128" hits="0" branch="false"/>
								<line number="129" hits="0" branch="false"/>
								<line number="130" hits="0" branch="false"/>
								<line number="131" hits="0" branch="false"/>
								<line number="132" hits="0" branch="false"/>
								<line number="133" hits="0" branch="false"/>
								<line number="134" hits="0" branch="false"/>
								<line number="135" hits="0" branch="false"/>
								<line number="136" hits="0" branch="false"/>
								<line number="137" hits="0" branch="false"/>
								<line number="138" hits="0" branch="false"/>
								<line number="139" hits="0" branch="false"/>
								<line number="140" hits="0" branch="false"/>
								<line number="142" hits="0" branch="false"/>
								<line number="143" hits="0" branch="true" condition-coverage="0% (0/2)">
									<conditions>
										<condition number="0" type="jump" coverage="0%"/>
									</conditions>
								</line>
								<line number="144" hits="0" branch="false"/>
								<line number="145" hits="0" branch="false"/>
								<line number="147" hits="0" branch="true" condition-coverage="0% (0/2)">
									<conditions>
										<condition number="0" type="jump" coverage="0%"/>
									</conditions>
								</line>
								<line number="148" hits="0" branch="false"/>
								<line number="149" hits="0" branch="false"/>
								<line number="151" hits="0" branch="false"/>
								<line number="152" hits="0" branch="false"/>
								<line number="153" hits="0" branch="false"/>
								<line number="154" hits="0" branch="false"/>
								<line number="155" hits="0" branch="false"/>
								<line number="156" hits="0" branch="false"/>
								<line number="157" hits="0" branch="false"/>
								<line number="158" hits="0" branch="false"/>
								<line number="159" hits="0" branch="false"/>
								<line number="160" hits="0" branch="false"/>
								<line number="161" hits="0" branch="false"/>
								<line number="162" hits="0" branch="false"/>
								<line number="163" hits="0" branch="false"/>
								<line number="164" hits="0" branch="false"/>
								<line number="165" hits="0" branch="false"/>
								<line number="168" hits="0" branch="false"/>
								<line number="169" hits="0" branch="true" condition-coverage="0% (0/2)">
									<conditions>
										<condition number="0" type="jump" coverage="0%"/>
									</conditions>
								</line>
								<line number="170" hits="0" branch="false"/>
								<line number="171" hits="0" branch="false"/>
								<line number="173" hits="0" branch="true" condition-coverage="0% (0/2)">
									<conditions>
										<condition number="0" type="jump" coverage="0%"/>
									</conditions>
								</line>
								<line number="174" hits="0" branch="false"/>
								<line number="175" hits="0" branch="false"/>
								<line number="178" hits="0" branch="false"/>
								<line number="179" hits="0" branch="false"/>
								<line number="182" hits="0" branch="false"/>
								<line number="183" hits="0" branch="false"/>
								<line number="184" hits="0" branch="false"/>
								<line number="185" hits="0" branch="false"/>
								<line number="188" hits="0" branch="false"/>
								<line number="191" hits="0" branch="false"/>
								<line number="192" hits="0" branch="false"/>
								<line number="193" hits="0" branch="false"/>
								<line number="194" hits="0" branch="false"/>
								<line number="195" hits="0" branch="true" condition-coverage="0% (0/5)">
									<conditions>
										<condition number="0" type="switch" coverage="0%"/>
									</conditions>
								</line>
								<line number="197" hits="0" branch="false"/>
								<line number="198" hits="0" branch="false"/>
								<line number="199" hits="0" branch="false"/>
								<line number="200" hits="0" branch="false"/>
								<line number="201" hits="0" branch="false"/>
								<line number="202" hits="0" branch="false"/>
								<line number="203" hits="0" branch="false"/>
								<line number="204" hits="0" branch="false"/>
								<line number="205" hits="0" branch="false"/>
								<line number="206" hits="0" branch="false"/>
								<line number="207" hits="0" branch="false"/>
								<line number="208" hits="0" branch="false"/>
								<line number="209" hits="0" branch="false"/>
								<line number="210" hits="0" branch="false"/>
								<line number="211" hits="0" branch="false"/>
								<line number="212" hits="0" branch="false"/>
								<line number="214" hits="0" branch="false"/>
								<line number="215" hits="0" branch="true" condition-coverage="0% (0/2)">
									<conditions>
										<condition number="0" type="jump" coverage="0%"/>
									</conditions>
								</line>
								<line number="216" hits="0" branch="false"/>
								<line number="217" hits="0" branch="false"/>
								<line number="219" hits="0" branch="true" condition-coverage="0% (0/2)">
									<conditions>
										<condition number="0" type="jump" coverage="0%"/>
									</conditions>
								</line>
								<line number="220" hits="0" branch="false"/>
								<line number="221" hits="0" branch="false"/>
								<line number="223" hits="0" branch="false"/>
								<line number="224" hits="0" branch="false"/>
								<line number="225" hits="0" branch="false"/>
								<line number="226" hits="0" branch="false"/>
								<line number="227" hits="0" branch="false"/>
								<line number="228" hits="0" branch="false"/>
								<line number="229" hits="0" branch="false"/>
								<line number="230" hits="0" branch="false"/>
								<line number="231" hits="0" branch="false"/>
								<line number="232" hits="0" branch="false"/>
								<line number="233" hits="0" branch="false"/>
								<line number="234" hits="0" branch="false"/>
								<line number="235" hits="0" branch="false"/>
								<line number="236" hits="0" branch="false"/>
								<line number="237" hits="0" branch="false"/>
								<line number="239" hits="0" branch="false"/>
								<line number="240" hits="0" branch="true" condition-coverage="0% (0/2)">
									<conditions>
										<condition number="0" type="jump" coverage="0%"/>
									</conditions>
								</line>
								<line number="241" hits="0" branch="false"/>
								<line number="242" hits="0" branch="false"/>
								<line number="244" hits="0" branch="true" condition-coverage="0% (0/2)">
									<conditions>
										<condition number="0" type="jump" coverage="0%"/>
									</conditions>
								</line>
								<line number="245" hits="0" branch="false"/>
								<line number="246" hits="0" branch="false"/>
								<line number="249" hits="0" branch="false"/>
								<line number="250" hits="0" branch="false"/>
								<line number="253" hits="0" branch="false"/>
								<line number="254" hits="0" branch="false"/>
								<line number="255" hits="0" branch="false"/>
								<line number="256" hits="0" branch="false"/>
								<line number="259" hits="0" branch="false"/>
								<line number="262" hits="0" branch="false"/>
								<line number="263" hits="0" branch="false"/>
								<line number="264" hits="0" branch="false"/>
								<line number="265" hits="0" branch="false"/>
								<line number="268" hits="0" branch="false"/>
								<line number="271" hits="0" branch="false"/>
								<line number="272" hits="0" branch="false"/>
								<line number="273" hits="0" branch="false"/>
								<line number="274" hits="0" branch="false"/>
								<line number="275" hits="0" branch="true" condition-coverage="0% (0/4)">
									<conditions>
										<condition number="0" type="switch" coverage="0%"/>
									</conditions>
								</line>
								<line number="277" hits="0" branch="false"/>
								<line number="278" hits="0" branch="false"/>
								<line number="279" hits="0" branch="false"/>
								<line number="280" hits="0" branch="false"/>
								<line number="281" hits="0" branch="true" condition-coverage="0% (0/5)">
									<conditions>
										<condition number="0" type="switch" coverage="0%"/>
									</conditions>
								</line>
								<line number="283" hits="0" branch="false"/>
								<line number="284" hits="0" branch="false"/>
								<line number="285" hits="0" branch="false"/>
								<line number="286" hits="0" branch="false"/>
								<line number="287" hits="0" branch="false"/>
								<line number="288" hits="0" branch="false"/>
								<line number="289" hits="0" branch="false"/>
								<line number="290" hits="0" branch="false"/>
								<line number="291" hits="0" branch="false"/>
								<line number="292" hits="0" branch="false"/>
								<line number="293" hits="0" branch="false"/>
								<line number="294" hits="0" branch="false"/>
								<line number="295" hits="0" branch="false"/>
								<line number="296" hits="0" branch="false"/>
								<line number="297" hits="0" branch="false"/>
								<line number="299" hits="0" branch="false"/>
								<line number="300" hits="0" branch="true" condition-coverage="0% (0/2)">
									<conditions>
										<condition number="0" type="jump" coverage="0%"/>
									</conditions>
								</line>
								<line number="301" hits="0" branch="false"/>
								<line number="302" hits="0" branch="false"/>
								<line number="304" hits="0" branch="true" condition-coverage="0% (0/2)">
									<conditions>
										<condition number="0" type="jump" coverage="0%"/>
									</conditions>
								</line>
								<line number="305" hits="0" branch="false"/>
								<line number="306" hits="0" branch="false"/>
								<line number="308" hits="0" branch="false"/>
								<line number="309" hits="0" branch="false"/>
								<line number="310" hits="0" branch="false"/>
								<line number="311" hits="0" branch="false"/>
								<line number="312" hits="0" branch="false"/>
								<line number="313" hits="0" branch="false"/>
								<line number="314" hits="0" branch="false"/>
								<line number="315" hits="0" branch="false"/>
								<line number="316" hits="0" branch="false"/>
								<line number="317" hits="0" branch="false"/>
								<line number="318" hits="0" branch="false"/>
								<line number="319" hits="0" branch="false"/>
								<line number="320" hits="0" branch="false"/>
								<line number="321" hits="0" branch="false"/>
								<line number="323" hits="0" branch="false"/>
								<line number="324" hits="0" branch="true" condition-coverage="0% (0/2)">
									<conditions>
										<condition number="0" type="jump" coverage="0%"/>
									</conditions>
								</line>
								<line number="325" hits="0" branch="false"/>
								<line number="326" hits="0" branch="false"/>
								<line number="328" hits="0" branch="true" condition-coverage="0% (0/2)">
									<conditions>
										<condition number="0" type="jump" coverage="0%"/>
									</conditions>
								</line>
								<line number="329" hits="0" branch="false"/>
								<line number="330" hits="0" branch="false"/>
								<line number="333" hits="0" branch="false"/>
								<line number="334" hits="0" branch="false"/>
								<line number="337" hits="0" branch="false"/>
								<line number="338" hits="0" branch="false"/>
								<line number="339" hits="0" branch="false"/>
								<line number="340" hits="0" branch="false"/>
								<line number="343" hits="0" branch="false"/>
								<line number="346" hits="0" branch="false"/>
								<line number="347" hits="0" branch="false"/>
								<line number="348" hits="0" branch="false"/>
								<line number="349" hits="0" branch="false"/>
								<line number="350" hits="0" branch="true" condition-coverage="0% (0/5)">
									<conditions>
										<condition number="0" type="switch" coverage="0%"/>
									</conditions>
								</line>
								<line number="352" hits="0" branch="false"/>
								<line number="353" hits="0" branch="false"/>
								<line number="354" hits="0" branch="false"/>
								<line number="355" hits="0" branch="false"/>
								<line number="356" hits="0" branch="false"/>
								<line number="357" hits="0" branch="false"/>
								<line number="358" hits="0" branch="false"/>
								<line number="359" hits="0" branch="false"/>
								<line number="360" hits="0" branch="false"/>
								<line number="361" hits="0" branch="false"/>
								<line number="362" hits="0" branch="false"/>
								<line number="363" hits="0" branch="false"/>
								<line number="364" hits="0" branch="false"/>
								<line number="365" hits="0" branch="false"/>
								<line number="366" hits="0" branch="false"/>
								<line number="368" hits="0" branch="false"/>
								<line number="369" hits="0" branch="true" condition-coverage="0% (0/2)">
									<conditions>
										<condition number="0" type="jump" coverage="0%"/>
									</conditions>
								</line>
								<line number="370" hits="0" branch="false"/>
								<line number="371" hits="0" branch="false"/>
								<line number="373" hits="0" branch="true" condition-coverage="0% (0/2)">
									<conditions>
										<condition number="0" type="jump" coverage="0%"/>
									</conditions>
								</line>
								<line number="374" hits="0" branch="false"/>
								<line number="375" hits="0" branch="false"/>
								<line number="377" hits="0" branch="false"/>
								<line number="378" hits="0" branch="false"/>
								<line number="379" hits="0" branch="false"/>
								<line number="380" hits="0" branch="false"/>
								<line number="381" hits="0" branch="false"/>
								<line number="382" hits="0" branch="false"/>
								<line number="383" hits="0" branch="false"/>
								<line number="384" hits="0" branch="false"/>
								<line number="385" hits="0" branch="false"/>
								<line number="386" hits="0" branch="false"/>
								<line number="387" hits="0" branch="false"/>
								<line number="388" hits="0" branch="false"/>
								<line number="389" hits="0" branch="false"/>
								<line number="390" hits="0" branch="false"/>
								<line number="392" hits="0" branch="false"/>
								<line number="393" hits="0" branch="true" condition-coverage="0% (0/2)">
									<conditions>
										<condition number="0" type="jump" coverage="0%"/>
									</conditions>
								</line>
								<line number="394" hits="0" branch="false"/>
								<line number="395" hits="0" branch="false"/>
								<line number="397" hits="0" branch="true" condition-coverage="0% (0/2)">
									<conditions>
										<condition number="0" type="jump" coverage="0%"/>
									</conditions>
								</line>
								<line number="398" hits="0" branch="false"/>
								<line number="399" hits="0" branch="false"/>
								<line number="402" hits="0" branch="false"/>
								<line number="403" hits="0" branch="false"/>
								<line number="406" hits="0" branch="false"/>
								<line number="407" hits="0" branch="false"/>
								<line number="408" hits="0" branch="false"/>
								<line number="409" hits="0" branch="false"/>
								<line number="412" hits="0" branch="false"/>
								<line number="414" hits="0" branch="false"/>
								<line number="415" hits="0" branch="false"/>
								<line number="416" hits="0" branch="false"/>
								<line number="417" hits="0" branch="false"/>
								<line number="420" hits="0" branch="false"/>
								<line number="423" hits="0" branch="false"/>
								<line number="424" hits="0" branch="false"/>
								<line number="425" hits="0" branch="false"/>
								<line number="426" hits="0" branch="false"/>
								<line number="427" hits="0" branch="true" condition-coverage="0% (0/4)">
									<conditions>
										<condition number="0" type="switch" coverage="0%"/>
									</conditions>
								</line>
								<line number="429" hits="0" branch="false"/>
								<line number="430" hits="0" branch="false"/>
								<line number="431" hits="0" branch="false"/>
								<line number="432" hits="0" branch="false"/>
								<line number="433" hits="0" branch="true" condition-coverage="0% (0/5)">
									<conditions>
										<condition number="0" type="switch" coverage="0%"/>
									</conditions>
								</line>
								<line number="435" hits="0" branch="false"/>
								<line number="436" hits="0" branch="false"/>
								<line number="437" hits="0" branch="false"/>
								<line number="438" hits="0" branch="false"/>
								<line number="439" hits="0" branch="false"/>
								<line number="440" hits="0" branch="false"/>
								<line number="441" hits="0" branch="false"/>
								<line number="442" hits="0" branch="false"/>
								<line number="443" hits="0" branch="false"/>
								<line number="444" hits="0" branch="false"/>
								<line number="445" hits="0" branch="false"/>
								<line number="446" hits="0" branch="false"/>
								<line number="447" hits="0" branch="false"/>
								<line number="448" hits="0" branch="false"/>
								<line number="450" hits="0" branch="false"/>
								<line number="451" hits="0" branch="true" condition-coverage="0% (0/2)">
									<conditions>
										<condition number="0" type="jump" coverage="0%"/>
									</conditions>
								</line>
								<line number="452" hits="0" branch="false"/>
								<line number="453" hits="0" branch="false"/>
								<line number="455" hits="0" branch="true" condition-coverage="0% (0/2)">
									<conditions>
										<condition number="0" type="jump" coverage="0%"/>
									</conditions>
								</line>
								<line number="456" hits="0" branch="false"/>
								<line number="457" hits="0" branch="false"/>
								<line number="459" hits="0" branch="false"/>
								<line number="460" hits="0" branch="false"/>
								<line number="461" hits="0" branch="false"/>
								<line number="462" hits="0" branch="false"/>
								<line number="463" hits="0" branch="false"/>
								<line number="464" hits="0" branch="false"/>
								<line number="465" hits="0" branch="false"/>
								<line number="466" hits="0" branch="false"/>
								<line number="467" hits="0" branch="false"/>
								<line number="468" hits="0" branch="false"/>
								<line number="469" hits="0" branch="false"/>
								<line number="470" hits="0" branch="false"/>
								<line number="471" hits="0" branch="false"/>
								<line number="472" hits="0" branch="false"/>
								<line number="474" hits="0" branch="false"/>
								<line number="475" hits="0" branch="true" condition-coverage="0% (0/2)">
									<conditions>
										<condition number="0" type="jump" coverage="0%"/>
									</conditions>
								</line>
								<line number="476" hits="0" branch="false"/>
								<line number="477" hits="0" branch="false"/>
								<line number="479" hits="0" branch="true" condition-coverage="0% (0/2)">
									<conditions>
										<condition number="0" type="jump" coverage="0%"/>
									</conditions>
								</line>
								<line number="480" hits="0" branch="false"/>
								<line number="481" hits="0" branch="false"/>
								<line number="483" hits="0" branch="false"/>
								<line number="484" hits="0" branch="false"/>
								<line number="487" hits="0" branch="false"/>
								<line number="488" hits="0" branch="false"/>
								<line number="489" hits="0" branch="false"/>
								<line number="490" hits="0" branch="false"/>
								<line number="493" hits="0" branch="false"/>
								<line number="495" hits="0" branch="false"/>
								<line number="496" hits="0" branch="false"/>
								<line number="497" hits="0" branch="false"/>
								<line number="498" hits="0" branch="false"/>
								<line number="499" hits="0" branch="true" condition-coverage="0% (0/5)">
									<conditions>
										<condition number="0" type="switch" coverage="0%"/>
									</conditions>
								</line>
								<line number="501" hits="0" branch="false"/>
								<line number="502" hits="0" branch="false"/>
								<line number="503" hits="0" branch="false"/>
								<line number="504" hits="0" branch="false"/>
								<line number="505" hits="0" branch="false"/>
								<line number="506" hits="0" branch="false"/>
								<line number="507" hits="0" branch="false"/>
								<line number="508" hits="0" branch="false"/>
								<line number="509" hits="0" branch="false"/>
								<line number="510" hits="0" branch="false"/>
								<line number="511" hits="0" branch="false"/>
								<line number="512" hits="0" branch="false"/>
								<line number="513" hits="0" branch="false"/>
								<line number="514" hits="0" branch="false"/>
								<line number="515" hits="0" branch="false"/>
								<line number="517" hits="0" branch="false"/>
								<line number="518" hits="0" branch="true" condition-coverage="0% (0/2)">
									<conditions>
										<condition number="0" type="jump" coverage="0%"/>
									</conditions>
								</line>
								<line number="519" hits="0" branch="false"/>
								<line number="520" hits="0" branch="false"/>
								<line number="522" hits="0" branch="true" condition-coverage="0% (0/2)">
									<conditions>
										<condition number="0" type="jump" coverage="0%"/>
									</conditions>
								</line>
								<line number="523" hits="0" branch="false"/>
								<line number="524" hits="0" branch="false"/>
								<line number="526" hits="0" branch="false"/>
								<line number="527" hits="0" branch="false"/>
								<line number="528" hits="0" branch="false"/>
								<line number="529" hits="0" branch="false"/>
								<line number="530" hits="0" branch="false"/>
								<line number="531" hits="0" branch="false"/>
								<line number="532" hits="0" branch="false"/>
								<line number="533" hits="0" branch="false"/>
								<line number="534" hits="0" branch="false"/>
								<line number="535" hits="0" branch="false"/>
								<line number="536" hits="0" branch="false"/>
								<line number="537" hits="0" branch="false"/>
								<line number="538" hits="0" branch="false"/>
								<line number="539" hits="0" branch="false"/>
								<line number="541" hits="0" branch="false"/>
								<line number="542" hits="0" branch="true" condition-coverage="0% (0/2)">
									<conditions>
										<condition number="0" type="jump" coverage="0%"/>
									</conditions>
								</line>
								<line number="543" hits="0" branch="false"/>
								<line number="544" hits="0" branch="false"/>
								<line number="546" hits="0" branch="true" condition-coverage="0% (0/2)">
									<conditions>
										<condition number="0" type="jump" coverage="0%"/>
									</conditions>
								</line>
								<line number="547" hits="0" branch="false"/>
								<line number="548" hits="0" branch="false"/>
								<line number="550" hits="0" branch="false"/>
								<line number="551" hits="0" branch="false"/>
								<line number="554" hits="0" branch="false"/>
								<line number="555" hits="0" branch="false"/>
								<line number="556" hits="0" branch="false"/>
								<line number="557" hits="0" branch="false"/>
								<line number="561" hits="0" branch="false"/>
								<line number="563" hits="0" branch="false"/>
								<line number="564" hits="0" branch="false"/>
								<line number="565" hits="0" branch="false"/>
								<line number="566" hits="0" branch="false"/>
								<line number="569" hits="0" branch="false"/>
								<line number="571" hits="0" branch="false"/>
								<line number="576" hits="0" branch="true" condition-coverage="0% (0/2)">
									<conditions>
										<condition number="0" type="jump" coverage="0%"/>
									</conditions>
								</line>
								<line number="578" hits="0" branch="false"/>
							</lines>
						</method>
						<method name="mainMenu" signature="()V" line-rate="0.0" branch-rate="1.0">
							<lines>
								<line number="581" hits="0" branch="false"/>
								<line number="582" hits="0" branch="false"/>
								<line number="583" hits="0" branch="false"/>
								<line number="584" hits="0" branch="false"/>
								<line number="585" hits="0" branch="false"/>
								<line number="586" hits="0" branch="false"/>
								<line number="587" hits="0" branch="false"/>
								<line number="588" hits="0" branch="false"/>
							</lines>
						</method>
						<method name="subMenu" signature="()V" line-rate="0.0" branch-rate="1.0">
							<lines>
								<line number="591" hits="0" branch="false"/>
								<line number="592" hits="0" branch="false"/>
								<line number="593" hits="0" branch="false"/>
								<line number="594" hits="0" branch="false"/>
								<line number="595" hits="0" branch="false"/>
								<line number="596" hits="0" branch="false"/>
								<line number="598" hits="0" branch="false"/>
							</lines>
						</method>
						<method name="subMenuAcc" signature="()V" line-rate="0.0" branch-rate="1.0">
							<lines>
								<line number="625" hits="0" branch="false"/>
								<line number="626" hits="0" branch="false"/>
								<line number="627" hits="0" branch="false"/>
								<line number="628" hits="0" branch="false"/>
								<line number="629" hits="0" branch="false"/>
							</lines>
						</method>
						<method name="subMenuBMS" signature="()V" line-rate="0.0" branch-rate="1.0">
							<lines>
								<line number="601" hits="0" branch="false"/>
								<line number="602" hits="0" branch="false"/>
								<line number="603" hits="0" branch="false"/>
								<line number="604" hits="0" branch="false"/>
								<line number="605" hits="0" branch="false"/>
								<line number="606" hits="0" branch="false"/>
								<line number="607" hits="0" branch="false"/>
								<line number="608" hits="0" branch="false"/>
							</lines>
						</method>
						<method name="subMenuCus" signature="()V" line-rate="0.0" branch-rate="1.0">
							<lines>
								<line number="618" hits="0" branch="false"/>
								<line number="619" hits="0" branch="false"/>
								<line number="620" hits="0" branch="false"/>
								<line number="621" hits="0" branch="false"/>
								<line number="622" hits="0" branch="false"/>
							</lines>
						</method>
						<method name="subMenuEmp" signature="()V" line-rate="0.0" branch-rate="1.0">
							<lines>
								<line number="611" hits="0" branch="false"/>
								<line number="612" hits="0" branch="false"/>
								<line number="613" hits="0" branch="false"/>
								<line number="614" hits="0" branch="false"/>
								<line number="615" hits="0" branch="false"/>
							</lines>
						</method>
						<method name="subMenuUserType" signature="()V" line-rate="0.0" branch-rate="1.0">
							<lines>
								<line number="632" hits="0" branch="false"/>
								<line number="633" hits="0" branch="false"/>
								<line number="634" hits="0" branch="false"/>
								<line number="635" hits="0" branch="false"/>
								<line number="636" hits="0" branch="false"/>
							</lines>
						</method>
					</methods>
					<lines>
						<line number="16" hits="0" branch="false"/>
						<line number="19" hits="0" branch="false"/>
						<line number="20" hits="0" branch="false"/>
						<line number="21" hits="0" branch="false"/>
						<line number="22" hits="0" branch="false"/>
						<line number="23" hits="0" branch="false"/>
						<line number="24" hits="0" branch="false"/>
						<line number="25" hits="0" branch="false"/>
						<line number="28" hits="0" branch="false"/>
						<line number="29" hits="0" branch="false"/>
						<line number="30" hits="0" branch="false"/>
						<line number="32" hits="0" branch="true" condition-coverage="0% (0/6)">
							<conditions>
								<condition number="0" type="switch" coverage="0%"/>
							</conditions>
						</line>
						<line number="34" hits="0" branch="false"/>
						<line number="35" hits="0" branch="false"/>
						<line number="36" hits="0" branch="false"/>
						<line number="37" hits="0" branch="false"/>
						<line number="39" hits="0" branch="true" condition-coverage="0% (0/4)">
							<conditions>
								<condition number="0" type="switch" coverage="0%"/>
							</conditions>
						</line>
						<line number="41" hits="0" branch="false"/>
						<line number="42" hits="0" branch="false"/>
						<line number="43" hits="0" branch="false"/>
						<line number="44" hits="0" branch="false"/>
						<line number="46" hits="0" branch="true" condition-coverage="0% (0/5)">
							<conditions>
								<condition number="0" type="switch" coverage="0%"/>
							</conditions>
						</line>
						<line number="48" hits="0" branch="false"/>
						<line number="49" hits="0" branch="false"/>
						<line number="50" hits="0" branch="false"/>
						<line number="51" hits="0" branch="false"/>
						<line number="53" hits="0" branch="false"/>
						<line number="54" hits="0" branch="true" condition-coverage="0% (0/2)">
							<conditions>
								<condition number="0" type="jump" coverage="0%"/>
							</conditions>
						</line>
						<line number="55" hits="0" branch="false"/>
						<line number="56" hits="0" branch="false"/>
						<line number="58" hits="0" branch="false"/>
						<line number="59" hits="0" branch="false"/>
						<line number="60" hits="0" branch="false"/>
						<line number="61" hits="0" branch="false"/>
						<line number="62" hits="0" branch="false"/>
						<line number="63" hits="0" branch="false"/>
						<line number="66" hits="0" branch="false"/>
						<line number="67" hits="0" branch="true" condition-coverage="0% (0/2)">
							<conditions>
								<condition number="0" type="jump" coverage="0%"/>
							</conditions>
						</line>
						<line number="68" hits="0" branch="false"/>
						<line number="69" hits="0" branch="false"/>
						<line number="71" hits="0" branch="false"/>
						<line number="72" hits="0" branch="false"/>
						<line number="75" hits="0" branch="false"/>
						<line number="76" hits="0" branch="false"/>
						<line number="77" hits="0" branch="false"/>
						<line number="78" hits="0" branch="false"/>
						<line number="81" hits="0" branch="false"/>
						<line number="84" hits="0" branch="false"/>
						<line number="85" hits="0" branch="false"/>
						<line number="86" hits="0" branch="false"/>
						<line number="87" hits="0" branch="false"/>
						<line number="88" hits="0" branch="true" condition-coverage="0% (0/4)">
							<conditions>
								<condition number="0" type="switch" coverage="0%"/>
							</conditions>
						</line>
						<line number="90" hits="0" branch="false"/>
						<line number="91" hits="0" branch="false"/>
						<line number="93" hits="0" branch="false"/>
						<line number="94" hits="0" branch="false"/>
						<line number="96" hits="0" branch="false"/>
						<line number="97" hits="0" branch="false"/>
						<line number="98" hits="0" branch="false"/>
						<line number="99" hits="0" branch="false"/>
						<line number="102" hits="0" branch="false"/>
						<line number="104" hits="0" branch="false"/>
						<line number="105" hits="0" branch="false"/>
						<line number="106" hits="0" branch="false"/>
						<line number="107" hits="0" branch="false"/>
						<line number="110" hits="0" branch="false"/>
						<line number="113" hits="0" branch="false"/>
						<line number="114" hits="0" branch="false"/>
						<line number="115" hits="0" branch="false"/>
						<line number="116" hits="0" branch="false"/>
						<line number="117" hits="0" branch="true" condition-coverage="0% (0/4)">
							<conditions>
								<condition number="0" type="switch" coverage="0%"/>
							</conditions>
						</line>
						<line number="119" hits="0" branch="false"/>
						<line number="120" hits="0" branch="false"/>
						<line number="121" hits="0" branch="false"/>
						<line number="122" hits="0" branch="false"/>
						<line number="123" hits="0" branch="true" condition-coverage="0% (0/5)">
							<conditions>
								<condition number="0" type="switch" coverage="0%"/>
							</conditions>
						</line>
						<line number="125" hits="0" branch="false"/>
						<line number="126" hits="0" branch="false"/>
						<line number="127" hits="0" branch="false"/>
						<line number="128" hits="0" branch="false"/>
						<line number="129" hits="0" branch="false"/>
						<line number="130" hits="0" branch="false"/>
						<line number="131" hits="0" branch="false"/>
						<line number="132" hits="0" branch="false"/>
						<line number="133" hits="0" branch="false"/>
						<line number="134" hits="0" branch="false"/>
						<line number="135" hits="0" branch="false"/>
						<line number="136" hits="0" branch="false"/>
						<line number="137" hits="0" branch="false"/>
						<line number="138" hits="0" branch="false"/>
						<line number="139" hits="0" branch="false"/>
						<line number="140" hits="0" branch="false"/>
						<line number="142" hits="0" branch="false"/>
						<line number="143" hits="0" branch="true" condition-coverage="0% (0/2)">
							<conditions>
								<condition number="0" type="jump" coverage="0%"/>
							</conditions>
						</line>
						<line number="144" hits="0" branch="false"/>
						<line number="145" hits="0" branch="false"/>
						<line number="147" hits="0" branch="true" condition-coverage="0% (0/2)">
							<conditions>
								<condition number="0" type="jump" coverage="0%"/>
							</conditions>
						</line>
						<line number="148" hits="0" branch="false"/>
						<line number="149" hits="0" branch="false"/>
						<line number="151" hits="0" branch="false"/>
						<line number="152" hits="0" branch="false"/>
						<line number="153" hits="0" branch="false"/>
						<line number="154" hits="0" branch="false"/>
						<line number="155" hits="0" branch="false"/>
						<line number="156" hits="0" branch="false"/>
						<line number="157" hits="0" branch="false"/>
						<line number="158" hits="0" branch="false"/>
						<line number="159" hits="0" branch="false"/>
						<line number="160" hits="0" branch="false"/>
						<line number="161" hits="0" branch="false"/>
						<line number="162" hits="0" branch="false"/>
						<line number="163" hits="0" branch="false"/>
						<line number="164" hits="0" branch="false"/>
						<line number="165" hits="0" branch="false"/>
						<line number="168" hits="0" branch="false"/>
						<line number="169" hits="0" branch="true" condition-coverage="0% (0/2)">
							<conditions>
								<condition number="0" type="jump" coverage="0%"/>
							</conditions>
						</line>
						<line number="170" hits="0" branch="false"/>
						<line number="171" hits="0" branch="false"/>
						<line number="173" hits="0" branch="true" condition-coverage="0% (0/2)">
							<conditions>
								<condition number="0" type="jump" coverage="0%"/>
							</conditions>
						</line>
						<line number="174" hits="0" branch="false"/>
						<line number="175" hits="0" branch="false"/>
						<line number="178" hits="0" branch="false"/>
						<line number="179" hits="0" branch="false"/>
						<line number="182" hits="0" branch="false"/>
						<line number="183" hits="0" branch="false"/>
						<line number="184" hits="0" branch="false"/>
						<line number="185" hits="0" branch="false"/>
						<line number="188" hits="0" branch="false"/>
						<line number="191" hits="0" branch="false"/>
						<line number="192" hits="0" branch="false"/>
						<line number="193" hits="0" branch="false"/>
						<line number="194" hits="0" branch="false"/>
						<line number="195" hits="0" branch="true" condition-coverage="0% (0/5)">
							<conditions>
								<condition number="0" type="switch" coverage="0%"/>
							</conditions>
						</line>
						<line number="197" hits="0" branch="false"/>
						<line number="198" hits="0" branch="false"/>
						<line number="199" hits="0" branch="false"/>
						<line number="200" hits="0" branch="false"/>
						<line number="201" hits="0" branch="false"/>
						<line number="202" hits="0" branch="false"/>
						<line number="203" hits="0" branch="false"/>
						<line number="204" hits="0" branch="false"/>
						<line number="205" hits="0" branch="false"/>
						<line number="206" hits="0" branch="false"/>
						<line number="207" hits="0" branch="false"/>
						<line number="208" hits="0" branch="false"/>
						<line number="209" hits="0" branch="false"/>
						<line number="210" hits="0" branch="false"/>
						<line number="211" hits="0" branch="false"/>
						<line number="212" hits="0" branch="false"/>
						<line number="214" hits="0" branch="false"/>
						<line number="215" hits="0" branch="true" condition-coverage="0% (0/2)">
							<conditions>
								<condition number="0" type="jump" coverage="0%"/>
							</conditions>
						</line>
						<line number="216" hits="0" branch="false"/>
						<line number="217" hits="0" branch="false"/>
						<line number="219" hits="0" branch="true" condition-coverage="0% (0/2)">
							<conditions>
								<condition number="0" type="jump" coverage="0%"/>
							</conditions>
						</line>
						<line number="220" hits="0" branch="false"/>
						<line number="221" hits="0" branch="false"/>
						<line number="223" hits="0" branch="false"/>
						<line number="224" hits="0" branch="false"/>
						<line number="225" hits="0" branch="false"/>
						<line number="226" hits="0" branch="false"/>
						<line number="227" hits="0" branch="false"/>
						<line number="228" hits="0" branch="false"/>
						<line number="229" hits="0" branch="false"/>
						<line number="230" hits="0" branch="false"/>
						<line number="231" hits="0" branch="false"/>
						<line number="232" hits="0" branch="false"/>
						<line number="233" hits="0" branch="false"/>
						<line number="234" hits="0" branch="false"/>
						<line number="235" hits="0" branch="false"/>
						<line number="236" hits="0" branch="false"/>
						<line number="237" hits="0" branch="false"/>
						<line number="239" hits="0" branch="false"/>
						<line number="240" hits="0" branch="true" condition-coverage="0% (0/2)">
							<conditions>
								<condition number="0" type="jump" coverage="0%"/>
							</conditions>
						</line>
						<line number="241" hits="0" branch="false"/>
						<line number="242" hits="0" branch="false"/>
						<line number="244" hits="0" branch="true" condition-coverage="0% (0/2)">
							<conditions>
								<condition number="0" type="jump" coverage="0%"/>
							</conditions>
						</line>
						<line number="245" hits="0" branch="false"/>
						<line number="246" hits="0" branch="false"/>
						<line number="249" hits="0" branch="false"/>
						<line number="250" hits="0" branch="false"/>
						<line number="253" hits="0" branch="false"/>
						<line number="254" hits="0" branch="false"/>
						<line number="255" hits="0" branch="false"/>
						<line number="256" hits="0" branch="false"/>
						<line number="259" hits="0" branch="false"/>
						<line number="262" hits="0" branch="false"/>
						<line number="263" hits="0" branch="false"/>
						<line number="264" hits="0" branch="false"/>
						<line number="265" hits="0" branch="false"/>
						<line number="268" hits="0" branch="false"/>
						<line number="271" hits="0" branch="false"/>
						<line number="272" hits="0" branch="false"/>
						<line number="273" hits="0" branch="false"/>
						<line number="274" hits="0" branch="false"/>
						<line number="275" hits="0" branch="true" condition-coverage="0% (0/4)">
							<conditions>
								<condition number="0" type="switch" coverage="0%"/>
							</conditions>
						</line>
						<line number="277" hits="0" branch="false"/>
						<line number="278" hits="0" branch="false"/>
						<line number="279" hits="0" branch="false"/>
						<line number="280" hits="0" branch="false"/>
						<line number="281" hits="0" branch="true" condition-coverage="0% (0/5)">
							<conditions>
								<condition number="0" type="switch" coverage="0%"/>
							</conditions>
						</line>
						<line number="283" hits="0" branch="false"/>
						<line number="284" hits="0" branch="false"/>
						<line number="285" hits="0" branch="false"/>
						<line number="286" hits="0" branch="false"/>
						<line number="287" hits="0" branch="false"/>
						<line number="288" hits="0" branch="false"/>
						<line number="289" hits="0" branch="false"/>
						<line number="290" hits="0" branch="false"/>
						<line number="291" hits="0" branch="false"/>
						<line number="292" hits="0" branch="false"/>
						<line number="293" hits="0" branch="false"/>
						<line number="294" hits="0" branch="false"/>
						<line number="295" hits="0" branch="false"/>
						<line number="296" hits="0" branch="false"/>
						<line number="297" hits="0" branch="false"/>
						<line number="299" hits="0" branch="false"/>
						<line number="300" hits="0" branch="true" condition-coverage="0% (0/2)">
							<conditions>
								<condition number="0" type="jump" coverage="0%"/>
							</conditions>
						</line>
						<line number="301" hits="0" branch="false"/>
						<line number="302" hits="0" branch="false"/>
						<line number="304" hits="0" branch="true" condition-coverage="0% (0/2)">
							<conditions>
								<condition number="0" type="jump" coverage="0%"/>
							</conditions>
						</line>
						<line number="305" hits="0" branch="false"/>
						<line number="306" hits="0" branch="false"/>
						<line number="308" hits="0" branch="false"/>
						<line number="309" hits="0" branch="false"/>
						<line number="310" hits="0" branch="false"/>
						<line number="311" hits="0" branch="false"/>
						<line number="312" hits="0" branch="false"/>
						<line number="313" hits="0" branch="false"/>
						<line number="314" hits="0" branch="false"/>
						<line number="315" hits="0" branch="false"/>
						<line number="316" hits="0" branch="false"/>
						<line number="317" hits="0" branch="false"/>
						<line number="318" hits="0" branch="false"/>
						<line number="319" hits="0" branch="false"/>
						<line number="320" hits="0" branch="false"/>
						<line number="321" hits="0" branch="false"/>
						<line number="323" hits="0" branch="false"/>
						<line number="324" hits="0" branch="true" condition-coverage="0% (0/2)">
							<conditions>
								<condition number="0" type="jump" coverage="0%"/>
							</conditions>
						</line>
						<line number="325" hits="0" branch="false"/>
						<line number="326" hits="0" branch="false"/>
						<line number="328" hits="0" branch="true" condition-coverage="0% (0/2)">
							<conditions>
								<condition number="0" type="jump" coverage="0%"/>
							</conditions>
						</line>
						<line number="329" hits="0" branch="false"/>
						<line number="330" hits="0" branch="false"/>
						<line number="333" hits="0" branch="false"/>
						<line number="334" hits="0" branch="false"/>
						<line number="337" hits="0" branch="false"/>
						<line number="338" hits="0" branch="false"/>
						<line number="339" hits="0" branch="false"/>
						<line number="340" hits="0" branch="false"/>
						<line number="343" hits="0" branch="false"/>
						<line number="346" hits="0" branch="false"/>
						<line number="347" hits="0" branch="false"/>
						<line number="348" hits="0" branch="false"/>
						<line number="349" hits="0" branch="false"/>
						<line number="350" hits="0" branch="true" condition-coverage="0% (0/5)">
							<conditions>
								<condition number="0" type="switch" coverage="0%"/>
							</conditions>
						</line>
						<line number="352" hits="0" branch="false"/>
						<line number="353" hits="0" branch="false"/>
						<line number="354" hits="0" branch="false"/>
						<line number="355" hits="0" branch="false"/>
						<line number="356" hits="0" branch="false"/>
						<line number="357" hits="0" branch="false"/>
						<line number="358" hits="0" branch="false"/>
						<line number="359" hits="0" branch="false"/>
						<line number="360" hits="0" branch="false"/>
						<line number="361" hits="0" branch="false"/>
						<line number="362" hits="0" branch="false"/>
						<line number="363" hits="0" branch="false"/>
						<line number="364" hits="0" branch="false"/>
						<line number="365" hits="0" branch="false"/>
						<line number="366" hits="0" branch="false"/>
						<line number="368" hits="0" branch="false"/>
						<line number="369" hits="0" branch="true" condition-coverage="0% (0/2)">
							<conditions>
								<condition number="0" type="jump" coverage="0%"/>
							</conditions>
						</line>
						<line number="370" hits="0" branch="false"/>
						<line number="371" hits="0" branch="false"/>
						<line number="373" hits="0" branch="true" condition-coverage="0% (0/2)">
							<conditions>
								<condition number="0" type="jump" coverage="0%"/>
							</conditions>
						</line>
						<line number="374" hits="0" branch="false"/>
						<line number="375" hits="0" branch="false"/>
						<line number="377" hits="0" branch="false"/>
						<line number="378" hits="0" branch="false"/>
						<line number="379" hits="0" branch="false"/>
						<line number="380" hits="0" branch="false"/>
						<line number="381" hits="0" branch="false"/>
						<line number="382" hits="0" branch="false"/>
						<line number="383" hits="0" branch="false"/>
						<line number="384" hits="0" branch="false"/>
						<line number="385" hits="0" branch="false"/>
						<line number="386" hits="0" branch="false"/>
						<line number="387" hits="0" branch="false"/>
						<line number="388" hits="0" branch="false"/>
						<line number="389" hits="0" branch="false"/>
						<line number="390" hits="0" branch="false"/>
						<line number="392" hits="0" branch="false"/>
						<line number="393" hits="0" branch="true" condition-coverage="0% (0/2)">
							<conditions>
								<condition number="0" type="jump" coverage="0%"/>
							</conditions>
						</line>
						<line number="394" hits="0" branch="false"/>
						<line number="395" hits="0" branch="false"/>
						<line number="397" hits="0" branch="true" condition-coverage="0% (0/2)">
							<conditions>
								<condition number="0" type="jump" coverage="0%"/>
							</conditions>
						</line>
						<line number="398" hits="0" branch="false"/>
						<line number="399" hits="0" branch="false"/>
						<line number="402" hits="0" branch="false"/>
						<line number="403" hits="0" branch="false"/>
						<line number="406" hits="0" branch="false"/>
						<line number="407" hits="0" branch="false"/>
						<line number="408" hits="0" branch="false"/>
						<line number="409" hits="0" branch="false"/>
						<line number="412" hits="0" branch="false"/>
						<line number="414" hits="0" branch="false"/>
						<line number="415" hits="0" branch="false"/>
						<line number="416" hits="0" branch="false"/>
						<line number="417" hits="0" branch="false"/>
						<line number="420" hits="0" branch="false"/>
						<line number="423" hits="0" branch="false"/>
						<line number="424" hits="0" branch="false"/>
						<line number="425" hits="0" branch="false"/>
						<line number="426" hits="0" branch="false"/>
						<line number="427" hits="0" branch="true" condition-coverage="0% (0/4)">
							<conditions>
								<condition number="0" type="switch" coverage="0%"/>
							</conditions>
						</line>
						<line number="429" hits="0" branch="false"/>
						<line number="430" hits="0" branch="false"/>
						<line number="431" hits="0" branch="false"/>
						<line number="432" hits="0" branch="false"/>
						<line number="433" hits="0" branch="true" condition-coverage="0% (0/5)">
							<conditions>
								<condition number="0" type="switch" coverage="0%"/>
							</conditions>
						</line>
						<line number="435" hits="0" branch="false"/>
						<line number="436" hits="0" branch="false"/>
						<line number="437" hits="0" branch="false"/>
						<line number="438" hits="0" branch="false"/>
						<line number="439" hits="0" branch="false"/>
						<line number="440" hits="0" branch="false"/>
						<line number="441" hits="0" branch="false"/>
						<line number="442" hits="0" branch="false"/>
						<line number="443" hits="0" branch="false"/>
						<line number="444" hits="0" branch="false"/>
						<line number="445" hits="0" branch="false"/>
						<line number="446" hits="0" branch="false"/>
						<line number="447" hits="0" branch="false"/>
						<line number="448" hits="0" branch="false"/>
						<line number="450" hits="0" branch="false"/>
						<line number="451" hits="0" branch="true" condition-coverage="0% (0/2)">
							<conditions>
								<condition number="0" type="jump" coverage="0%"/>
							</conditions>
						</line>
						<line number="452" hits="0" branch="false"/>
						<line number="453" hits="0" branch="false"/>
						<line number="455" hits="0" branch="true" condition-coverage="0% (0/2)">
							<conditions>
								<condition number="0" type="jump" coverage="0%"/>
							</conditions>
						</line>
						<line number="456" hits="0" branch="false"/>
						<line number="457" hits="0" branch="false"/>
						<line number="459" hits="0" branch="false"/>
						<line number="460" hits="0" branch="false"/>
						<line number="461" hits="0" branch="false"/>
						<line number="462" hits="0" branch="false"/>
						<line number="463" hits="0" branch="false"/>
						<line number="464" hits="0" branch="false"/>
						<line number="465" hits="0" branch="false"/>
						<line number="466" hits="0" branch="false"/>
						<line number="467" hits="0" branch="false"/>
						<line number="468" hits="0" branch="false"/>
						<line number="469" hits="0" branch="false"/>
						<line number="470" hits="0" branch="false"/>
						<line number="471" hits="0" branch="false"/>
						<line number="472" hits="0" branch="false"/>
						<line number="474" hits="0" branch="false"/>
						<line number="475" hits="0" branch="true" condition-coverage="0% (0/2)">
							<conditions>
								<condition number="0" type="jump" coverage="0%"/>
							</conditions>
						</line>
						<line number="476" hits="0" branch="false"/>
						<line number="477" hits="0" branch="false"/>
						<line number="479" hits="0" branch="true" condition-coverage="0% (0/2)">
							<conditions>
								<condition number="0" type="jump" coverage="0%"/>
							</conditions>
						</line>
						<line number="480" hits="0" branch="false"/>
						<line number="481" hits="0" branch="false"/>
						<line number="483" hits="0" branch="false"/>
						<line number="484" hits="0" branch="false"/>
						<line number="487" hits="0" branch="false"/>
						<line number="488" hits="0" branch="false"/>
						<line number="489" hits="0" branch="false"/>
						<line number="490" hits="0" branch="false"/>
						<line number="493" hits="0" branch="false"/>
						<line number="495" hits="0" branch="false"/>
						<line number="496" hits="0" branch="false"/>
						<line number="497" hits="0" branch="false"/>
						<line number="498" hits="0" branch="false"/>
						<line number="499" hits="0" branch="true" condition-coverage="0% (0/5)">
							<conditions>
								<condition number="0" type="switch" coverage="0%"/>
							</conditions>
						</line>
						<line number="501" hits="0" branch="false"/>
						<line number="502" hits="0" branch="false"/>
						<line number="503" hits="0" branch="false"/>
						<line number="504" hits="0" branch="false"/>
						<line number="505" hits="0" branch="false"/>
						<line number="506" hits="0" branch="false"/>
						<line number="507" hits="0" branch="false"/>
						<line number="508" hits="0" branch="false"/>
						<line number="509" hits="0" branch="false"/>
						<line number="510" hits="0" branch="false"/>
						<line number="511" hits="0" branch="false"/>
						<line number="512" hits="0" branch="false"/>
						<line number="513" hits="0" branch="false"/>
						<line number="514" hits="0" branch="false"/>
						<line number="515" hits="0" branch="false"/>
						<line number="517" hits="0" branch="false"/>
						<line number="518" hits="0" branch="true" condition-coverage="0% (0/2)">
							<conditions>
								<condition number="0" type="jump" coverage="0%"/>
							</conditions>
						</line>
						<line number="519" hits="0" branch="false"/>
						<line number="520" hits="0" branch="false"/>
						<line number="522" hits="0" branch="true" condition-coverage="0% (0/2)">
							<conditions>
								<condition number="0" type="jump" coverage="0%"/>
							</conditions>
						</line>
						<line number="523" hits="0" branch="false"/>
						<line number="524" hits="0" branch="false"/>
						<line number="526" hits="0" branch="false"/>
						<line number="527" hits="0" branch="false"/>
						<line number="528" hits="0" branch="false"/>
						<line number="529" hits="0" branch="false"/>
						<line number="530" hits="0" branch="false"/>
						<line number="531" hits="0" branch="false"/>
						<line number="532" hits="0" branch="false"/>
						<line number="533" hits="0" branch="false"/>
						<line number="534" hits="0" branch="false"/>
						<line number="535" hits="0" branch="false"/>
						<line number="536" hits="0" branch="false"/>
						<line number="537" hits="0" branch="false"/>
						<line number="538" hits="0" branch="false"/>
						<line number="539" hits="0" branch="false"/>
						<line number="541" hits="0" branch="false"/>
						<line number="542" hits="0" branch="true" condition-coverage="0% (0/2)">
							<conditions>
								<condition number="0" type="jump" coverage="0%"/>
							</conditions>
						</line>
						<line number="543" hits="0" branch="false"/>
						<line number="544" hits="0" branch="false"/>
						<line number="546" hits="0" branch="true" condition-coverage="0% (0/2)">
							<conditions>
								<condition number="0" type="jump" coverage="0%"/>
							</conditions>
						</line>
						<line number="547" hits="0" branch="false"/>
						<line number="548" hits="0" branch="false"/>
						<line number="550" hits="0" branch="false"/>
						<line number="551" hits="0" branch="false"/>
						<line number="554" hits="0" branch="false"/>
						<line number="555" hits="0" branch="false"/>
						<line number="556" hits="0" branch="false"/>
						<line number="557" hits="0" branch="false"/>
						<line number="561" hits="0" branch="false"/>
						<line number="563" hits="0" branch="false"/>
						<line number="564" hits="0" branch="false"/>
						<line number="565" hits="0" branch="false"/>
						<line number="566" hits="0" branch="false"/>
						<line number="569" hits="0" branch="false"/>
						<line number="571" hits="0" branch="false"/>
						<line number="576" hits="0" branch="true" condition-coverage="0% (0/2)">
							<conditions>
								<condition number="0" type="jump" coverage="0%"/>
							</conditions>
						</line>
						<line number="578" hits="0" branch="false"/>
						<line number="581" hits="0" branch="false"/>
						<line number="582" hits="0" branch="false"/>
						<line number="583" hits="0" branch="false"/>
						<line number="584" hits="0" branch="false"/>
						<line number="585" hits="0" branch="false"/>
						<line number="586" hits="0" branch="false"/>
						<line number="587" hits="0" branch="false"/>
						<line number="588" hits="0" branch="false"/>
						<line number="591" hits="0" branch="false"/>
						<line number="592" hits="0" branch="false"/>
						<line number="593" hits="0" branch="false"/>
						<line number="594" hits="0" branch="false"/>
						<line number="595" hits="0" branch="false"/>
						<line number="596" hits="0" branch="false"/>
						<line number="598" hits="0" branch="false"/>
						<line number="601" hits="0" branch="false"/>
						<line number="602" hits="0" branch="false"/>
						<line number="603" hits="0" branch="false"/>
						<line number="604" hits="0" branch="false"/>
						<line number="605" hits="0" branch="false"/>
						<line number="606" hits="0" branch="false"/>
						<line number="607" hits="0" branch="false"/>
						<line number="608" hits="0" branch="false"/>
						<line number="611" hits="0" branch="false"/>
						<line number="612" hits="0" branch="false"/>
						<line number="613" hits="0" branch="false"/>
						<line number="614" hits="0" branch="false"/>
						<line number="615" hits="0" branch="false"/>
						<line number="618" hits="0" branch="false"/>
						<line number="619" hits="0" branch="false"/>
						<line number="620" hits="0" branch="false"/>
						<line number="621" hits="0" branch="false"/>
						<line number="622" hits="0" branch="false"/>
						<line number="625" hits="0" branch="false"/>
						<line number="626" hits="0" branch="false"/>
						<line number="627" hits="0" branch="false"/>
						<line number="628" hits="0" branch="false"/>
						<line number="629" hits="0" branch="false"/>
						<line number="632" hits="0" branch="false"/>
						<line number="633" hits="0" branch="false"/>
						<line number="634" hits="0" branch="false"/>
						<line number="635" hits="0" branch="false"/>
						<line number="636" hits="0" branch="false"/>
					</lines>
				</class>
				<class name="com.mycompany.vo.Bank_Management_System" filename="com/mycompany/vo/Bank_Management_System.java" line-rate="0.9583333333333334" branch-rate="1.0" complexity="1.4705882352941178">
					<methods>
						<method name="&lt;init&gt;" signature="()V" line-rate="1.0" branch-rate="1.0">
							<lines>
								<line number="29" hits="32" branch="false"/>
								<line number="30" hits="32" branch="false"/>
							</lines>
						</method>
						<method name="&lt;init&gt;" signature="(Ljava/lang/String;Ljava/lang/String;Ljava/lang/String;Ljava/lang/String;Ljava/util/ArrayList;Ljava/util/ArrayList;)V" line-rate="1.0" branch-rate="1.0">
							<lines>
								<line number="32" hits="19" branch="false"/>
								<line number="33" hits="19" branch="false"/>
								<line number="34" hits="19" branch="false"/>
								<line number="35" hits="19" branch="false"/>
								<line number="36" hits="19" branch="false"/>
								<line number="37" hits="19" branch="false"/>
								<line number="38" hits="19" branch="false"/>
								<line number="39" hits="19" branch="false"/>
							</lines>
						</method>
						<method name="bmsBranch" signature="()Lcom/mycompany/vo/Bank_Management_System;" line-rate="0.8461538461538461" branch-rate="1.0">
							<lines>
								<line number="90" hits="9" branch="false"/>
								<line number="92" hits="9" branch="false"/>
								<line number="93" hits="9" branch="false"/>
								<line number="94" hits="9" branch="false"/>
								<line number="95" hits="9" branch="false"/>
								<line number="96" hits="9" branch="false"/>
								<line number="97" hits="9" branch="false"/>
								<line number="98" hits="9" branch="false"/>
								<line number="99" hits="9" branch="false"/>
								<line number="100" hits="0" branch="false"/>
								<line number="101" hits="0" branch="false"/>
								<line number="102" hits="9" branch="false"/>
								<line number="103" hits="9" branch="false"/>
							</lines>
						</method>
						<method name="getBankName" signature="()Ljava/lang/String;" line-rate="1.0" branch-rate="1.0">
							<lines>
								<line number="42" hits="11" branch="false"/>
							</lines>
						</method>
						<method name="getCustomerList" signature="()Ljava/util/ArrayList;" line-rate="1.0" branch-rate="1.0">
							<lines>
								<line number="82" hits="14" branch="false"/>
							</lines>
						</method>
						<method name="getEmployeeList" signature="()Ljava/util/ArrayList;" line-rate="1.0" branch-rate="1.0">
							<lines>
								<line number="74" hits="15" branch="false"/>
							</lines>
						</method>
						<method name="getPassword" signature="()Ljava/lang/String;" line-rate="1.0" branch-rate="1.0">
							<lines>
								<line number="66" hits="7" branch="false"/>
							</lines>
						</method>
						<method name="getUserType" signature="()Ljava/lang/String;" line-rate="1.0" branch-rate="1.0">
							<lines>
								<line number="50" hits="9" branch="false"/>
							</lines>
						</method>
						<method name="getUsername" signature="()Ljava/lang/String;" line-rate="1.0" branch-rate="1.0">
							<lines>
								<line number="58" hits="8" branch="false"/>
							</lines>
						</method>
						<method name="setBankName" signature="(Ljava/lang/String;)V" line-rate="1.0" branch-rate="1.0">
							<lines>
								<line number="46" hits="1" branch="false"/>
								<line number="47" hits="1" branch="false"/>
							</lines>
						</method>
						<method name="setCustomerList" signature="(Ljava/util/ArrayList;)V" line-rate="1.0" branch-rate="1.0">
							<lines>
								<line number="86" hits="2" branch="false"/>
								<line number="87" hits="2" branch="false"/>
							</lines>
						</method>
						<method name="setEmployeeList" signature="(Ljava/util/ArrayList;)V" line-rate="1.0" branch-rate="1.0">
							<lines>
								<line number="78" hits="2" branch="false"/>
								<line number="79" hits="2" branch="false"/>
							</lines>
						</method>
						<method name="setPassword" signature="(Ljava/lang/String;)V" line-rate="1.0" branch-rate="1.0">
							<lines>
								<line number="70" hits="1" branch="false"/>
								<line number="71" hits="1" branch="false"/>
							</lines>
						</method>
						<method name="setUserType" signature="(Ljava/lang/String;)V" line-rate="1.0" branch-rate="1.0">
							<lines>
								<line number="54" hits="1" branch="false"/>
								<line number="55" hits="1" branch="false"/>
							</lines>
						</method>
						<method name="setUsername" signature="(Ljava/lang/String;)V" line-rate="1.0" branch-rate="1.0">
							<lines>
								<line number="62" hits="1" branch="false"/>
								<line number="63" hits="1" branch="false"/>
							</lines>
						</method>
						<method name="toString" signature="()Ljava/lang/String;" line-rate="1.0" branch-rate="1.0">
							<lines>
								<line number="26" hits="10" branch="false"/>
							</lines>
						</method>
						<method name="validate" signature="(Ljava/lang/String;Ljava/lang/String;Ljava/lang/String;Ljava/lang/String;Ljava/util/ArrayList;Ljava/util/ArrayList;)Z" line-rate="1.0" branch-rate="1.0">
							<lines>
								<line number="107" hits="9" branch="false"/>
								<line number="108" hits="9" branch="false"/>
								<line number="110" hits="9" branch="true" condition-coverage="100% (6/6)">
									<conditions>
										<condition number="0" type="jump" coverage="100%"/>
										<condition number="1" type="jump" coverage="100%"/>
										<condition number="2" type="jump" coverage="100%"/>
									</conditions>
								</line>
								<line number="111" hits="5" branch="true" condition-coverage="100% (6/6)">
									<conditions>
										<condition number="0" type="jump" coverage="100%"/>
										<condition number="1" type="jump" coverage="100%"/>
										<condition number="2" type="jump" coverage="100%"/>
									</conditions>
								</line>
								<line number="112" hits="2" branch="false"/>
								<line number="114" hits="7" branch="false"/>
							</lines>
						</method>
					</methods>
					<lines>
						<line number="26" hits="10" branch="false"/>
						<line number="29" hits="32" branch="false"/>
						<line number="30" hits="32" branch="false"/>
						<line number="32" hits="19" branch="false"/>
						<line number="33" hits="19" branch="false"/>
						<line number="34" hits="19" branch="false"/>
						<line number="35" hits="19" branch="false"/>
						<line number="36" hits="19" branch="false"/>
						<line number="37" hits="19" branch="false"/>
						<line number="38" hits="19" branch="false"/>
						<line number="39" hits="19" branch="false"/>
						<line number="42" hits="11" branch="false"/>
						<line number="46" hits="1" branch="false"/>
						<line number="47" hits="1" branch="false"/>
						<line number="50" hits="9" branch="false"/>
						<line number="54" hits="1" branch="false"/>
						<line number="55" hits="1" branch="false"/>
						<line number="58" hits="8" branch="false"/>
						<line number="62" hits="1" branch="false"/>
						<line number="63" hits="1" branch="false"/>
						<line number="66" hits="7" branch="false"/>
						<line number="70" hits="1" branch="false"/>
						<line number="71" hits="1" branch="false"/>
						<line number="74" hits="15" branch="false"/>
						<line number="78" hits="2" branch="false"/>
						<line number="79" hits="2" branch="false"/>
						<line number="82" hits="14" branch="false"/>
						<line number="86" hits="2" branch="false"/>
						<line number="87" hits="2" branch="false"/>
						<line number="90" hits="9" branch="false"/>
						<line number="92" hits="9" branch="false"/>
						<line number="93" hits="9" branch="false"/>
						<line number="94" hits="9" branch="false"/>
						<line number="95" hits="9" branch="false"/>
						<line number="96" hits="9" branch="false"/>
						<line number="97" hits="9" branch="false"/>
						<line number="98" hits="9" branch="false"/>
						<line number="99" hits="9" branch="false"/>
						<line number="100" hits="0" branch="false"/>
						<line number="101" hits="0" branch="false"/>
						<line number="102" hits="9" branch="false"/>
						<line number="103" hits="9" branch="false"/>
						<line number="107" hits="9" branch="false"/>
						<line number="108" hits="9" branch="false"/>
						<line number="110" hits="9" branch="true" condition-coverage="100% (6/6)">
							<conditions>
								<condition number="0" type="jump" coverage="100%"/>
								<condition number="1" type="jump" coverage="100%"/>
								<condition number="2" type="jump" coverage="100%"/>
							</conditions>
						</line>
[...]
							<conditions>
								<condition number="0" type="jump" coverage="100%"/>
								<condition number="1" type="jump" coverage="100%"/>
							</conditions>
						</line>
						<line number="87" hits="2" branch="false"/>
						<line number="89" hits="5" branch="false"/>
					</lines>
				</class>
				<class name="com.mycompany.vo.FullTime" filename="com/mycompany/vo/FullTime.java" line-rate="0.9230769230769231" branch-rate="1.0" complexity="2.0">
					<methods>
						<method name="&lt;init&gt;" signature="()V" line-rate="1.0" branch-rate="1.0">
							<lines>
								<line number="21" hits="19" branch="false"/>
								<line number="22" hits="19" branch="false"/>
							</lines>
						</method>
						<method name="&lt;init&gt;" signature="(DILjava/lang/String;ILjava/lang/String;)V" line-rate="1.0" branch-rate="1.0">
							<lines>
								<line number="25" hits="26" branch="false"/>
								<line number="26" hits="26" branch="false"/>
								<line number="27" hits="26" branch="false"/>
							</lines>
						</method>
						<method name="ftBranch" signature="()Lcom/mycompany/vo/FullTime;" line-rate="0.8333333333333334" branch-rate="1.0">
							<lines>
								<line number="38" hits="8" branch="false"/>
								<line number="40" hits="8" branch="false"/>
								<line number="41" hits="8" branch="false"/>
								<line number="42" hits="8" branch="false"/>
								<line number="43" hits="8" branch="false"/>
								<line number="44" hits="8" branch="false"/>
								<line number="45" hits="8" branch="false"/>
								<line number="46" hits="8" branch="false"/>
								<line number="47" hits="0" branch="false"/>
								<line number="48" hits="0" branch="false"/>
								<line number="49" hits="8" branch="false"/>
								<line number="50" hits="8" branch="false"/>
							</lines>
						</method>
						<method name="getAnnual_salary" signature="()D" line-rate="1.0" branch-rate="1.0">
							<lines>
								<line number="30" hits="10" branch="false"/>
							</lines>
						</method>
						<method name="setAnnual_salary" signature="(D)V" line-rate="1.0" branch-rate="1.0">
							<lines>
								<line number="34" hits="1" branch="false"/>
								<line number="35" hits="1" branch="false"/>
							</lines>
						</method>
						<method name="toString" signature="()Ljava/lang/String;" line-rate="1.0" branch-rate="1.0">
							<lines>
								<line number="18" hits="9" branch="false"/>
							</lines>
						</method>
						<method name="validate" signature="(DILjava/lang/String;ILjava/lang/String;)Z" line-rate="1.0" branch-rate="1.0">
							<lines>
								<line number="54" hits="8" branch="false"/>
								<line number="55" hits="8" branch="false"/>
								<line number="57" hits="8" branch="true" condition-coverage="100% (10/10)">
									<conditions>
										<condition number="0" type="jump" coverage="100%"/>
										<condition number="1" type="jump" coverage="100%"/>
										<condition number="2" type="jump" coverage="100%"/>
										<condition number="3" type="jump" coverage="100%"/>
										<condition number="4" type="jump" coverage="100%"/>
									</conditions>
								</line>
								<line number="58" hits="2" branch="false"/>
								<line number="60" hits="6" branch="false"/>
							</lines>
						</method>
					</methods>
					<lines>
						<line number="18" hits="9" branch="false"/>
						<line number="21" hits="19" branch="false"/>
						<line number="22" hits="19" branch="false"/>
						<line number="25" hits="26" branch="false"/>
						<line number="26" hits="26" branch="false"/>
						<line number="27" hits="26" branch="false"/>
						<line number="30" hits="10" branch="false"/>
						<line number="34" hits="1" branch="false"/>
						<line number="35" hits="1" branch="false"/>
						<line number="38" hits="8" branch="false"/>
						<line number="40" hits="8" branch="false"/>
						<line number="41" hits="8" branch="false"/>
						<line number="42" hits="8" branch="false"/>
						<line number="43" hits="8" branch="false"/>
						<line number="44" hits="8" branch="false"/>
						<line number="45" hits="8" branch="false"/>
						<line number="46" hits="8" branch="false"/>
						<line number="47" hits="0" branch="false"/>
						<line number="48" hits="0" branch="false"/>
						<line number="49" hits="8" branch="false"/>
						<line number="50" hits="8" branch="false"/>
						<line number="54" hits="8" branch="false"/>
						<line number="55" hits="8" branch="false"/>
						<line number="57" hits="8" branch="true" condition-coverage="100% (10/10)">
							<conditions>
								<condition number="0" type="jump" coverage="100%"/>
								<condition number="1" type="jump" coverage="100%"/>
								<condition number="2" type="jump" coverage="100%"/>
								<condition number="3" type="jump" coverage="100%"/>
								<condition number="4" type="jump" coverage="100%"/>
							</conditions>
						</line>
						<line number="58" hits="2" branch="false"/>
						<line number="60" hits="6" branch="false"/>
					</lines>
				</class>
				<class name="com.mycompany.vo.Individual" filename="com/mycompany/vo/Individual.java" line-rate="0.9259259259259259" branch-rate="1.0" complexity="2.142857142857143">
					<methods>
						<method name="&lt;init&gt;" signature="()V" line-rate="1.0" branch-rate="1.0">
							<lines>
								<line number="23" hits="31" branch="false"/>
								<line number="24" hits="31" branch="false"/>
							</lines>
						</method>
						<method name="&lt;init&gt;" signature="(DILjava/lang/String;ILjava/lang/String;Ljava/util/ArrayList;)V" line-rate="1.0" branch-rate="1.0">
							<lines>
								<line number="27" hits="29" branch="false"/>
								<line number="28" hits="29" branch="false"/>
								<line number="29" hits="29" branch="false"/>
							</lines>
						</method>
						<method name="getWithdraw_limit" signature="()D" line-rate="1.0" branch-rate="1.0">
							<lines>
								<line number="32" hits="11" branch="false"/>
							</lines>
						</method>
						<method name="indBranch" signature="()Lcom/mycompany/vo/Individual;" line-rate="0.8461538461538461" branch-rate="1.0">
							<lines>
								<line number="40" hits="9" branch="false"/>
								<line number="42" hits="9" branch="false"/>
								<line number="43" hits="9" branch="false"/>
								<line number="44" hits="9" branch="false"/>
								<line number="45" hits="9" branch="false"/>
								<line number="46" hits="9" branch="false"/>
								<line number="47" hits="9" branch="false"/>
								<line number="48" hits="9" branch="false"/>
								<line number="49" hits="9" branch="false"/>
								<line number="50" hits="0" branch="false"/>
								<line number="51" hits="0" branch="false"/>
								<line number="52" hits="9" branch="false"/>
								<line number="53" hits="9" branch="false"/>
							</lines>
						</method>
						<method name="setWithdraw_limit" signature="(D)V" line-rate="1.0" branch-rate="1.0">
							<lines>
								<line number="36" hits="2" branch="false"/>
								<line number="37" hits="2" branch="false"/>
							</lines>
						</method>
						<method name="toString" signature="()Ljava/lang/String;" line-rate="1.0" branch-rate="1.0">
							<lines>
								<line number="20" hits="10" branch="false"/>
							</lines>
						</method>
						<method name="validate" signature="(DILjava/lang/String;ILjava/lang/String;Ljava/util/ArrayList;)Z" line-rate="1.0" branch-rate="1.0">
							<lines>
								<line number="57" hits="9" branch="false"/>
								<line number="58" hits="9" branch="false"/>
								<line number="60" hits="9" branch="true" condition-coverage="100% (12/12)">
									<conditions>
										<condition number="0" type="jump" coverage="100%"/>
										<condition number="1" type="jump" coverage="100%"/>
										<condition number="2" type="jump" coverage="100%"/>
										<condition number="3" type="jump" coverage="100%"/>
										<condition number="4" type="jump" coverage="100%"/>
										<condition number="5" type="jump" coverage="100%"/>
									</conditions>
								</line>
								<line number="61" hits="2" branch="false"/>
								<line number="63" hits="7" branch="false"/>
							</lines>
						</method>
					</methods>
					<lines>
						<line number="20" hits="10" branch="false"/>
						<line number="23" hits="31" branch="false"/>
						<line number="24" hits="31" branch="false"/>
						<line number="27" hits="29" branch="false"/>
						<line number="28" hits="29" branch="false"/>
						<line number="29" hits="29" branch="false"/>
						<line number="32" hits="11" branch="false"/>
						<line number="36" hits="2" branch="false"/>
						<line number="37" hits="2" branch="false"/>
						<line number="40" hits="9" branch="false"/>
						<line number="42" hits="9" branch="false"/>
						<line number="43" hits="9" branch="false"/>
						<line number="44" hits="9" branch="false"/>
						<line number="45" hits="9" branch="false"/>
						<line number="46" hits="9" branch="false"/>
						<line number="47" hits="9" branch="false"/>
						<line number="48" hits="9" branch="false"/>
						<line number="49" hits="9" branch="false"/>
						<line number="50" hits="0" branch="false"/>
						<line number="51" hits="0" branch="false"/>
						<line number="52" hits="9" branch="false"/>
						<line number="53" hits="9" branch="false"/>
						<line number="57" hits="9" branch="false"/>
						<line number="58" hits="9" branch="false"/>
						<line number="60" hits="9" branch="true" condition-coverage="100% (12/12)">
							<conditions>
								<condition number="0" type="jump" coverage="100%"/>
								<condition number="1" type="jump" coverage="100%"/>
								<condition number="2" type="jump" coverage="100%"/>
								<condition number="3" type="jump" coverage="100%"/>
								<condition number="4" type="jump" coverage="100%"/>
								<condition number="5" type="jump" coverage="100%"/>
							</conditions>
						</line>
						<line number="61" hits="2" branch="false"/>
						<line number="63" hits="7" branch="false"/>
					</lines>
				</class>
				<class name="com.mycompany.vo.PartTime" filename="com/mycompany/vo/PartTime.java" line-rate="0.9230769230769231" branch-rate="1.0" complexity="2.0">
					<methods>
						<method name="&lt;init&gt;" signature="()V" line-rate="1.0" branch-rate="1.0">
							<lines>
								<line number="21" hits="19" branch="false"/>
								<line number="22" hits="19" branch="false"/>
							</lines>
						</method>
						<method name="&lt;init&gt;" signature="(DILjava/lang/String;ILjava/lang/String;)V" line-rate="1.0" branch-rate="1.0">
							<lines>
								<line number="25" hits="34" branch="false"/>
								<line number="26" hits="34" branch="false"/>
								<line number="27" hits="34" branch="false"/>
							</lines>
						</method>
						<method name="getAnnual_salary" signature="()D" line-rate="1.0" branch-rate="1.0">
							<lines>
								<line number="30" hits="11" branch="false"/>
							</lines>
						</method>
						<method name="ptBranch" signature="()Lcom/mycompany/vo/PartTime;" line-rate="0.8333333333333334" branch-rate="1.0">
							<lines>
								<line number="38" hits="8" branch="false"/>
								<line number="40" hits="8" branch="false"/>
								<line number="41" hits="8" branch="false"/>
								<line number="42" hits="8" branch="false"/>
								<line number="43" hits="8" branch="false"/>
								<line number="44" hits="8" branch="false"/>
								<line number="45" hits="8" branch="false"/>
								<line number="46" hits="8" branch="false"/>
								<line number="47" hits="0" branch="false"/>
								<line number="48" hits="0" branch="false"/>
								<line number="49" hits="8" branch="false"/>
								<line number="50" hits="8" branch="false"/>
							</lines>
						</method>
						<method name="setAnnual_salary" signature="(D)V" line-rate="1.0" branch-rate="1.0">
							<lines>
								<line number="34" hits="1" branch="false"/>
								<line number="35" hits="1" branch="false"/>
							</lines>
						</method>
						<method name="toString" signature="()Ljava/lang/String;" line-rate="1.0" branch-rate="1.0">
							<lines>
								<line number="18" hits="9" branch="false"/>
							</lines>
						</method>
						<method name="validate" signature="(DILjava/lang/String;ILjava/lang/String;)Z" line-rate="1.0" branch-rate="1.0">
							<lines>
								<line number="54" hits="8" branch="false"/>
								<line number="55" hits="8" branch="false"/>
								<line number="57" hits="8" branch="true" condition-coverage="100% (10/10)">
									<conditions>
										<condition number="0" type="jump" coverage="100%"/>
										<condition number="1" type="jump" coverage="100%"/>
										<condition number="2" type="jump" coverage="100%"/>
										<condition number="3" type="jump" coverage="100%"/>
										<condition number="4" type="jump" coverage="100%"/>
									</conditions>
								</line>
								<line number="58" hits="2" branch="false"/>
								<line number="60" hits="6" branch="false"/>
							</lines>
						</method>
					</methods>
					<lines>
						<line number="18" hits="9" branch="false"/>
						<line number="21" hits="19" branch="false"/>
						<line number="22" hits="19" branch="false"/>
						<line number="25" hits="34" branch="false"/>
						<line number="26" hits="34" branch="false"/>
						<line number="27" hits="34" branch="false"/>
						<line number="30" hits="11" branch="false"/>
						<line number="34" hits="1" branch="false"/>
						<line number="35" hits="1" branch="false"/>
						<line number="38" hits="8" branch="false"/>
						<line number="40" hits="8" branch="false"/>
						<line number="41" hits="8" branch="false"/>
						<line number="42" hits="8" branch="false"/>
						<line number="43" hits="8" branch="false"/>
						<line number="44" hits="8" branch="false"/>
						<line number="45" hits="8" branch="false"/>
						<line number="46" hits="8" branch="false"/>
						<line number="47" hits="0" branch="false"/>
						<line number="48" hits="0" branch="false"/>
						<line number="49" hits="8" branch="false"/>
						<line number="50" hits="8" branch="false"/>
						<line number="54" hits="8" branch="false"/>
						<line number="55" hits="8" branch="false"/>
						<line number="57" hits="8" branch="true" condition-coverage="100% (10/10)">
							<conditions>
								<condition number="0" type="jump" coverage="100%"/>
								<condition number="1" type="jump" coverage="100%"/>
								<condition number="2" type="jump" coverage="100%"/>
								<condition number="3" type="jump" coverage="100%"/>
								<condition number="4" type="jump" coverage="100%"/>
							</conditions>
						</line>
						<line number="58" hits="2" branch="false"/>
						<line number="60" hits="6" branch="false"/>
					</lines>
				</class>
				<class name="com.mycompany.vo.Savings" filename="com/mycompany/vo/Savings.java" line-rate="0.9230769230769231" branch-rate="1.0" complexity="2.0">
					<methods>
						<method name="&lt;init&gt;" signature="()V" line-rate="1.0" branch-rate="1.0">
							<lines>
								<line number="21" hits="19" branch="false"/>
								<line number="22" hits="19" branch="false"/>
							</lines>
						</method>
						<method name="&lt;init&gt;" signature="(DIIID)V" line-rate="1.0" branch-rate="1.0">
							<lines>
								<line number="25" hits="28" branch="false"/>
								<line number="26" hits="28" branch="false"/>
								<line number="27" hits="28" branch="false"/>
							</lines>
						</method>
						<method name="getMinimum_balance" signature="()D" line-rate="1.0" branch-rate="1.0">
							<lines>
								<line number="30" hits="10" branch="false"/>
							</lines>
						</method>
						<method name="saveBranch" signature="()Lcom/mycompany/vo/Savings;" line-rate="0.8333333333333334" branch-rate="1.0">
							<lines>
								<line number="38" hits="8" branch="false"/>
								<line number="40" hits="8" branch="false"/>
								<line number="41" hits="8" branch="false"/>
								<line number="42" hits="8" branch="false"/>
								<line number="43" hits="8" branch="false"/>
								<line number="44" hits="8" branch="false"/>
								<line number="46" hits="8" branch="false"/>
								<line number="47" hits="8" branch="false"/>
								<line number="48" hits="0" branch="false"/>
								<line number="49" hits="0" branch="false"/>
								<line number="50" hits="8" branch="false"/>
								<line number="51" hits="8" branch="false"/>
							</lines>
						</method>
						<method name="setMinimum_balance" signature="(D)V" line-rate="1.0" branch-rate="1.0">
							<lines>
								<line number="34" hits="1" branch="false"/>
								<line number="35" hits="1" branch="false"/>
							</lines>
						</method>
						<method name="toString" signature="()Ljava/lang/String;" line-rate="1.0" branch-rate="1.0">
							<lines>
								<line number="18" hits="9" branch="false"/>
							</lines>
						</method>
						<method name="validate" signature="(DIIID)Z" line-rate="1.0" branch-rate="1.0">
							<lines>
								<line number="55" hits="8" branch="false"/>
								<line number="56" hits="8" branch="false"/>
								<line number="58" hits="8" branch="true" condition-coverage="100% (10/10)">
									<conditions>
										<condition number="0" type="jump" coverage="100%"/>
										<condition number="1" type="jump" coverage="100%"/>
										<condition number="2" type="jump" coverage="100%"/>
										<condition number="3" type="jump" coverage="100%"/>
										<condition number="4" type="jump" coverage="100%"/>
									</conditions>
								</line>
								<line number="59" hits="2" branch="false"/>
								<line number="61" hits="6" branch="false"/>
							</lines>
						</method>
					</methods>
					<lines>
						<line number="18" hits="9" branch="false"/>
						<line number="21" hits="19" branch="false"/>
						<line number="22" hits="19" branch="false"/>
						<line number="25" hits="28" branch="false"/>
						<line number="26" hits="28" branch="false"/>
						<line number="27" hits="28" branch="false"/>
						<line number="30" hits="10" branch="false"/>
						<line number="34" hits="1" branch="false"/>
						<line number="35" hits="1" branch="false"/>
						<line number="38" hits="8" branch="false"/>
						<line number="40" hits="8" branch="false"/>
						<line number="41" hits="8" branch="false"/>
						<line number="42" hits="8" branch="false"/>
						<line number="43" hits="8" branch="false"/>
						<line number="44" hits="8" branch="false"/>
						<line number="46" hits="8" branch="false"/>
						<line number="47" hits="8" branch="false"/>
						<line number="48" hits="0" branch="false"/>
						<line number="49" hits="0" branch="false"/>
						<line number="50" hits="8" branch="false"/>
						<line number="51" hits="8" branch="false"/>
						<line number="55" hits="8" branch="false"/>
						<line number="56" hits="8" branch="false"/>
						<line number="58" hits="8" branch="true" condition-coverage="100% (10/10)">
							<conditions>
								<condition number="0" type="jump" coverage="100%"/>
								<condition number="1" type="jump" coverage="100%"/>
								<condition number="2" type="jump" coverage="100%"/>
								<condition number="3" type="jump" coverage="100%"/>
								<condition number="4" type="jump" coverage="100%"/>
							</conditions>
						</line>
						<line number="59" hits="2" branch="false"/>
						<line number="61" hits="6" branch="false"/>
					</lines>
				</class>
			</classes>
		</package>
	</packages>
</coverage>
